<?xml version="1.0" encoding="UTF-8"?>
<testng-results ignored="0" total="1" passed="1" failed="0" skipped="0">
  <reporter-output>
  </reporter-output>
  <suite started-at="2020-05-15T11:12:01Z" name="Default suite" finished-at="2020-05-15T11:12:51Z" duration-ms="50348">
    <groups>
      <group name="cucumber">
        <method signature="TestNgRunner.feature(cucumber.api.testng.CucumberFeatureWrapper)[pri:0, instance:runner.TestNgRunner@641e67fa]" name="feature" class="runner.TestNgRunner"/>
      </group> <!-- cucumber -->
    </groups>
    <test started-at="2020-05-15T11:12:01Z" name="Default test" finished-at="2020-05-15T11:12:51Z" duration-ms="50348">
      <class name="runner.TestNgRunner">
        <test-method is-config="true" signature="setUpClass()[pri:0, instance:runner.TestNgRunner@641e67fa]" started-at="2020-05-15T11:12:01Z" name="setUpClass" finished-at="2020-05-15T11:12:03Z" duration-ms="2101" status="PASS">
          <reporter-output>
          </reporter-output>
        </test-method> <!-- setUpClass -->
        <test-method signature="feature(cucumber.api.testng.CucumberFeatureWrapper)[pri:0, instance:runner.TestNgRunner@641e67fa]" started-at="2020-05-15T11:12:03Z" name="feature" description="Runs Cucumber Feature" data-provider="features" finished-at="2020-05-15T11:12:50Z" duration-ms="47236" status="PASS">
          <params>
            <param index="0">
              <value>
                <![CDATA[First Appium Project]]>
              </value>
            </param>
          </params>
          <reporter-output>
          </reporter-output>
        </test-method> <!-- feature -->
        <test-method is-config="true" signature="tearDownClass()[pri:0, instance:runner.TestNgRunner@641e67fa]" started-at="2020-05-15T11:12:51Z" name="tearDownClass" finished-at="2020-05-15T11:12:51Z" duration-ms="6" status="PASS">
          <reporter-output>
          </reporter-output>
        </test-method> <!-- tearDownClass -->
      </class> <!-- runner.TestNgRunner -->
    </test> <!-- Default test -->
  </suite> <!-- Default suite -->
</testng-results>
