<?xml version="1.0" encoding="UTF-8"?>
<testng-results ignored="0" total="1" passed="1" failed="0" skipped="0">
  <reporter-output>
  </reporter-output>
  <suite started-at="2020-05-16T13:58:22Z" name="Suite" finished-at="2020-05-16T14:00:15Z" duration-ms="112971">
    <groups>
      <group name="cucumber">
        <method signature="TestNgRunner.feature(cucumber.api.testng.CucumberFeatureWrapper)[pri:0, instance:runner.TestNgRunner@68f75a35]" name="feature" class="runner.TestNgRunner"/>
      </group> <!-- cucumber -->
    </groups>
    <test started-at="2020-05-16T13:58:22Z" name="Test" finished-at="2020-05-16T14:00:15Z" duration-ms="112971">
      <class name="runner.TestNgRunner">
        <test-method is-config="true" signature="setUpClass()[pri:0, instance:runner.TestNgRunner@68f75a35]" started-at="2020-05-16T13:58:22Z" name="setUpClass" finished-at="2020-05-16T13:58:23Z" duration-ms="1254" status="PASS">
          <reporter-output>
          </reporter-output>
        </test-method> <!-- setUpClass -->
        <test-method signature="feature(cucumber.api.testng.CucumberFeatureWrapper)[pri:0, instance:runner.TestNgRunner@68f75a35]" started-at="2020-05-16T13:58:23Z" name="feature" description="Runs Cucumber Feature" data-provider="features" finished-at="2020-05-16T14:00:14Z" duration-ms="111078" status="PASS">
          <params>
            <param index="0">
              <value>
                <![CDATA[First Appium Project on Android]]>
              </value>
            </param>
          </params>
          <reporter-output>
          </reporter-output>
        </test-method> <!-- feature -->
        <test-method is-config="true" signature="tearDownClass()[pri:0, instance:runner.TestNgRunner@68f75a35]" started-at="2020-05-16T14:00:15Z" name="tearDownClass" finished-at="2020-05-16T14:00:15Z" duration-ms="6" status="PASS">
          <reporter-output>
          </reporter-output>
        </test-method> <!-- tearDownClass -->
      </class> <!-- runner.TestNgRunner -->
    </test> <!-- Test -->
  </suite> <!-- Suite -->
</testng-results>
