<?xml version="1.0" encoding="UTF-8"?>
<!-- Generated by org.testng.reporters.JUnitXMLReporter -->
<testsuite ignored="2" hostname="WKWIN5950833" failures="0" tests="2" name="Test" time="0.084" errors="0" timestamp="2020-04-15T14:36:22 IST">
  <testcase classname="com.qa.testngOne.LoginTest" name="getTitle" time="0.02"/>
  <testcase classname="com.qa.testNgTwo.RegisterTest" name="getTitle" time="0.002"/>
  <testcase classname="com.qa.testNgTwo.RegisterTest" name="getLogo" time="0.0">
    <ignored/>
  </testcase> <!-- getLogo -->
  <testcase classname="com.qa.testngOne.LoginTest" name="getLogo" time="0.0">
    <ignored/>
  </testcase> <!-- getLogo -->
</testsuite> <!-- Test -->
