<?xml version="1.0" encoding="UTF-8"?>
<!-- Generated by org.testng.reporters.JUnitXMLReporter -->
<testsuite ignored="0" hostname="WKWIN5950833" failures="1" tests="1" name="Test" time="0.051" errors="0" timestamp="24 Apr 2020 12:23:54 GMT">
  <testcase classname="com.w2a.testCases.LoginTest" name="loginAsBankManager" time="0.021">
    <failure type="java.lang.IllegalArgumentException" message="Cannot find elements when the selector is null">
      <![CDATA[java.lang.IllegalArgumentException: Cannot find elements when the selector is null
	at org.openqa.selenium.By$ByCssSelector.<init>(By.java:422)
	at org.openqa.selenium.By.cssSelector(By.java:116)
	at com.w2a.testCases.LoginTest.loginAsBankManager(LoginTest.java:12)
... Removed 25 stack frames]]>
    </failure>
  </testcase> <!-- loginAsBankManager -->
</testsuite> <!-- Test -->
