<?xml version="1.0" encoding="UTF-8"?>
<testsuite xmlns:xsi="http://www.w3.org/2001/XMLSchema-instance" xsi:noNamespaceSchemaLocation="https://maven.apache.org/surefire/maven-surefire-plugin/xsd/surefire-test-report-3.0.xsd" version="3.0" name="TestSuite" time="15.761" tests="3" errors="0" skipped="0" failures="0">
  <properties>
[...]
</properties>
  <testcase name="loginAsBankManager" classname="com.w2a.testCases.BankManagerLoginTest" time="0.273"/>
  <testcase name="addCustomer" classname="com.w2a.testCases.AddCustomerTest" time="3.492"/>
  <testcase name="addCustomer" classname="com.w2a.testCases.AddCustomerTest" time="3.38"/>
</testsuite>