<?xml version="1.0" encoding="UTF-8"?>
<testng-results ignored="2" total="4" passed="2" failed="0" skipped="0">
  <reporter-output>
  </reporter-output>
  <suite started-at="2020-04-15T14:36:22 IST" name="Suite" finished-at="2020-04-15T14:36:22 IST" duration-ms="84">
    <groups>
      <group name="LoginPageTest">
        <method signature="LoginTest.getTitle()[pri:0, instance:com.qa.testngOne.LoginTest@4b0d79fc]" name="getTitle" class="com.qa.testngOne.LoginTest"/>
        <method signature="RegisterTest.getTitle()[pri:0, instance:com.qa.testNgTwo.RegisterTest@4c1909a3]" name="getTitle" class="com.qa.testNgTwo.RegisterTest"/>
      </group> <!-- LoginPageTest -->
      <group name="Titletest">
        <method signature="LoginTest.getTitle()[pri:0, instance:com.qa.testngOne.LoginTest@4b0d79fc]" name="getTitle" class="com.qa.testngOne.LoginTest"/>
        <method signature="RegisterTest.getTitle()[pri:0, instance:com.qa.testNgTwo.RegisterTest@4c1909a3]" name="getTitle" class="com.qa.testNgTwo.RegisterTest"/>
      </group> <!-- Titletest -->
    </groups>
    <test started-at="2020-04-15T14:36:22 IST" name="Test" finished-at="2020-04-15T14:36:22 IST" duration-ms="84">
      <class name="com.qa.testngOne.LoginTest">
        <test-method signature="getTitle()[pri:0, instance:com.qa.testngOne.LoginTest@4b0d79fc]" started-at="2020-04-15T14:36:22 IST" name="getTitle" finished-at="2020-04-15T14:36:22 IST" duration-ms="20" status="PASS">
          <reporter-output>
          </reporter-output>
        </test-method> <!-- getTitle -->
      </class> <!-- com.qa.testngOne.LoginTest -->
      <class name="com.qa.testNgTwo.RegisterTest">
        <test-method signature="getTitle()[pri:0, instance:com.qa.testNgTwo.RegisterTest@4c1909a3]" started-at="2020-04-15T14:36:22 IST" name="getTitle" finished-at="2020-04-15T14:36:22 IST" duration-ms="2" status="PASS">
          <reporter-output>
          </reporter-output>
        </test-method> <!-- getTitle -->
      </class> <!-- com.qa.testNgTwo.RegisterTest -->
    </test> <!-- Test -->
  </suite> <!-- Suite -->
</testng-results>
