<?xml version="1.0" encoding="UTF-8"?>
<testng-results ignored="0" total="3" passed="2" failed="1" skipped="0">
  <reporter-output>
    <line>
      <![CDATA[Capture Screenshot]]>
    </line>
    <line>
      <![CDATA[<a href="C:\Users\mohbhal\OneDrive - Publicis Groupe\Pictures\Pic.jpg">Screenshot</a>]]>
    </line>
  </reporter-output>
  <suite started-at="2020-04-25T11:43:42Z" name="DataDriverFramework" finished-at="2020-04-25T11:43:50Z" duration-ms="7785">
    <groups>
    </groups>
    <test started-at="2020-04-25T11:43:42Z" name="Bank Manager Login Test" finished-at="2020-04-25T11:43:43Z" duration-ms="282">
      <class name="com.w2a.testCases.BankManagerLoginTest">
        <test-method signature="loginAsBankManager()[pri:0, instance:com.w2a.testCases.BankManagerLoginTest@77602954]" started-at="2020-04-25T17:13:42Z" name="loginAsBankManager" finished-at="2020-04-25T17:13:43Z" duration-ms="256" status="FAIL">
          <exception class="java.lang.IllegalArgumentException">
            <message>
              <![CDATA[Cannot find elements when the selector is null]]>
            </message>
            <full-stacktrace>
              <![CDATA[java.lang.IllegalArgumentException: Cannot find elements when the selector is null
	at org.openqa.selenium.By$ByCssSelector.<init>(By.java:422)
	at org.openqa.selenium.By.cssSelector(By.java:116)
	at com.w2a.testCases.BankManagerLoginTest.loginAsBankManager(BankManagerLoginTest.java:17)
	at java.base/jdk.internal.reflect.NativeMethodAccessorImpl.invoke0(Native Method)
	at java.base/jdk.internal.reflect.NativeMethodAccessorImpl.invoke(NativeMethodAccessorImpl.java:62)
	at java.base/jdk.internal.reflect.DelegatingMethodAccessorImpl.invoke(DelegatingMethodAccessorImpl.java:43)
	at java.base/java.lang.reflect.Method.invoke(Method.java:564)
	at org.testng.internal.MethodInvocationHelper.invokeMethod(MethodInvocationHelper.java:108)
	at org.testng.internal.Invoker.invokeMethod(Invoker.java:661)
	at org.testng.internal.Invoker.invokeTestMethod(Invoker.java:869)
	at org.testng.internal.Invoker.invokeTestMethods(Invoker.java:1193)
	at org.testng.internal.TestMethodWorker.invokeTestMethods(TestMethodWorker.java:126)
	at org.testng.internal.TestMethodWorker.run(TestMethodWorker.java:109)
	at org.testng.TestRunner.privateRun(TestRunner.java:744)
	at org.testng.TestRunner.run(TestRunner.java:602)
	at org.testng.SuiteRunner.runTest(SuiteRunner.java:380)
	at org.testng.SuiteRunner.runSequentially(SuiteRunner.java:375)
	at org.testng.SuiteRunner.privateRun(SuiteRunner.java:340)
	at org.testng.SuiteRunner.run(SuiteRunner.java:289)
	at org.testng.SuiteRunnerWorker.runSuite(SuiteRunnerWorker.java:52)
	at org.testng.SuiteRunnerWorker.run(SuiteRunnerWorker.java:86)
	at org.testng.TestNG.runSuitesSequentially(TestNG.java:1301)
	at org.testng.TestNG.runSuitesLocally(TestNG.java:1226)
	at org.testng.TestNG.runSuites(TestNG.java:1144)
	at org.testng.TestNG.run(TestNG.java:1115)
	at org.testng.remote.AbstractRemoteTestNG.run(AbstractRemoteTestNG.java:115)
	at org.testng.remote.RemoteTestNG.initAndRun(RemoteTestNG.java:251)
	at org.testng.remote.RemoteTestNG.main(RemoteTestNG.java:77)
]]>
            </full-stacktrace>
          </exception> <!-- java.lang.IllegalArgumentException -->
          <reporter-output>
            <line>
              <![CDATA[Capture Screenshot]]>
            </line>
            <line>
              <![CDATA[<a href="C:\Users\mohbhal\OneDrive - Publicis Groupe\Pictures\Pic.jpg">Screenshot</a>]]>
            </line>
          </reporter-output>
        </test-method> <!-- loginAsBankManager -->
      </class> <!-- com.w2a.testCases.BankManagerLoginTest -->
    </test> <!-- Bank Manager Login Test -->
    <test started-at="2020-04-25T11:43:43Z" name="Add Customer Test" finished-at="2020-04-25T11:43:50Z" duration-ms="7407">
      <class name="com.w2a.testCases.AddCustomerTest">
        <test-method is-config="true" signature="setUp()[pri:0, instance:com.w2a.testCases.AddCustomerTest@6e4de19b]" started-at="2020-04-25T17:13:35Z" name="setUp" finished-at="2020-04-25T17:13:42Z" duration-ms="7393" status="PASS">
          <reporter-output>
          </reporter-output>
        </test-method> <!-- setUp -->
        <test-method signature="addCustomer(java.lang.String, java.lang.String, java.lang.String, java.lang.String)[pri:0, instance:com.w2a.testCases.AddCustomerTest@6e4de19b]" started-at="2020-04-25T17:13:43Z" name="addCustomer" data-provider="getData" finished-at="2020-04-25T17:13:47Z" duration-ms="3860" status="PASS">
          <params>
            <param index="0">
              <value>
                <![CDATA[Mohit]]>
              </value>
            </param>
            <param index="1">
              <value>
                <![CDATA[Bhal]]>
              </value>
            </param>
            <param index="2">
              <value>
                <![CDATA[A23ZX]]>
              </value>
            </param>
            <param index="3">
              <value>
                <![CDATA[Customer added successfully]]>
              </value>
            </param>
          </params>
          <reporter-output>
          </reporter-output>
        </test-method> <!-- addCustomer -->
        <test-method signature="addCustomer(java.lang.String, java.lang.String, java.lang.String, java.lang.String)[pri:0, instance:com.w2a.testCases.AddCustomerTest@6e4de19b]" started-at="2020-04-25T17:13:47Z" name="addCustomer" data-provider="getData" finished-at="2020-04-25T17:13:50Z" duration-ms="3518" status="PASS">
          <params>
            <param index="0">
              <value>
                <![CDATA[Piyush]]>
              </value>
            </param>
            <param index="1">
              <value>
                <![CDATA[Bansal]]>
              </value>
            </param>
            <param index="2">
              <value>
                <![CDATA[A23ZX]]>
              </value>
            </param>
            <param index="3">
              <value>
                <![CDATA[Customer added successfully]]>
              </value>
            </param>
          </params>
          <reporter-output>
          </reporter-output>
        </test-method> <!-- addCustomer -->
        <test-method is-config="true" signature="tearDown()[pri:0, instance:com.w2a.testCases.AddCustomerTest@6e4de19b]" started-at="2020-04-25T17:13:50Z" name="tearDown" finished-at="2020-04-25T17:13:51Z" duration-ms="987" status="PASS">
          <reporter-output>
          </reporter-output>
        </test-method> <!-- tearDown -->
      </class> <!-- com.w2a.testCases.AddCustomerTest -->
    </test> <!-- Add Customer Test -->
  </suite> <!-- DataDriverFramework -->
</testng-results>
